[2024-10-31T09:59:51.241+0000] {processor.py:186} INFO - Started process (PID=293) to work on /home/airflow/.local/lib/python3.12/site-packages/airflow/example_dags/example_branch_python_dop_operator_3.py
[2024-10-31T09:59:51.304+0000] {processor.py:914} INFO - Processing file /home/airflow/.local/lib/python3.12/site-packages/airflow/example_dags/example_branch_python_dop_operator_3.py for tasks to queue
[2024-10-31T09:59:51.472+0000] {logging_mixin.py:190} INFO - [2024-10-31T09:59:51.455+0000] {dagbag.py:588} INFO - Filling up the DagBag from /home/airflow/.local/lib/python3.12/site-packages/airflow/example_dags/example_branch_python_dop_operator_3.py
[2024-10-31T09:59:51.738+0000] {processor.py:925} INFO - DAG(s) 'example_branch_dop_operator_v3' retrieved from /home/airflow/.local/lib/python3.12/site-packages/airflow/example_dags/example_branch_python_dop_operator_3.py
[2024-10-31T09:59:55.001+0000] {logging_mixin.py:190} INFO - [2024-10-31T09:59:54.982+0000] {override.py:1900} INFO - Created Permission View: can read on DAG:example_branch_dop_operator_v3
[2024-10-31T09:59:55.335+0000] {logging_mixin.py:190} INFO - [2024-10-31T09:59:55.328+0000] {override.py:1900} INFO - Created Permission View: can edit on DAG:example_branch_dop_operator_v3
[2024-10-31T09:59:55.492+0000] {logging_mixin.py:190} INFO - [2024-10-31T09:59:55.481+0000] {override.py:1900} INFO - Created Permission View: can delete on DAG:example_branch_dop_operator_v3
[2024-10-31T09:59:55.679+0000] {logging_mixin.py:190} INFO - [2024-10-31T09:59:55.673+0000] {override.py:1900} INFO - Created Permission View: can read on DAG Run:example_branch_dop_operator_v3
[2024-10-31T09:59:56.077+0000] {logging_mixin.py:190} INFO - [2024-10-31T09:59:56.069+0000] {override.py:1900} INFO - Created Permission View: menu access on DAG Run:example_branch_dop_operator_v3
[2024-10-31T09:59:56.352+0000] {logging_mixin.py:190} INFO - [2024-10-31T09:59:56.334+0000] {override.py:1900} INFO - Created Permission View: can delete on DAG Run:example_branch_dop_operator_v3
[2024-10-31T09:59:56.628+0000] {logging_mixin.py:190} INFO - [2024-10-31T09:59:56.621+0000] {override.py:1900} INFO - Created Permission View: can create on DAG Run:example_branch_dop_operator_v3
[2024-10-31T09:59:56.659+0000] {logging_mixin.py:190} INFO - [2024-10-31T09:59:56.651+0000] {dag.py:3239} INFO - Sync 1 DAGs
[2024-10-31T09:59:57.051+0000] {logging_mixin.py:190} INFO - [2024-10-31T09:59:57.048+0000] {dag.py:3262} INFO - Creating ORM DAG for example_branch_dop_operator_v3
[2024-10-31T09:59:57.655+0000] {logging_mixin.py:190} INFO - [2024-10-31T09:59:57.649+0000] {dag.py:4180} INFO - Setting next_dagrun for example_branch_dop_operator_v3 to 2024-10-31 09:58:00+00:00, run_after=2024-10-31 09:59:00+00:00
[2024-10-31T09:59:58.455+0000] {processor.py:208} INFO - Processing /home/airflow/.local/lib/python3.12/site-packages/airflow/example_dags/example_branch_python_dop_operator_3.py took 7.334 seconds
[2024-10-31T10:02:20.420+0000] {processor.py:186} INFO - Started process (PID=380) to work on /home/airflow/.local/lib/python3.12/site-packages/airflow/example_dags/example_branch_python_dop_operator_3.py
[2024-10-31T10:02:20.446+0000] {processor.py:914} INFO - Processing file /home/airflow/.local/lib/python3.12/site-packages/airflow/example_dags/example_branch_python_dop_operator_3.py for tasks to queue
[2024-10-31T10:02:20.569+0000] {logging_mixin.py:190} INFO - [2024-10-31T10:02:20.558+0000] {dagbag.py:588} INFO - Filling up the DagBag from /home/airflow/.local/lib/python3.12/site-packages/airflow/example_dags/example_branch_python_dop_operator_3.py
[2024-10-31T10:02:20.859+0000] {processor.py:925} INFO - DAG(s) 'example_branch_dop_operator_v3' retrieved from /home/airflow/.local/lib/python3.12/site-packages/airflow/example_dags/example_branch_python_dop_operator_3.py
[2024-10-31T10:02:21.348+0000] {logging_mixin.py:190} INFO - [2024-10-31T10:02:21.335+0000] {dag.py:3239} INFO - Sync 1 DAGs
[2024-10-31T10:02:21.812+0000] {logging_mixin.py:190} INFO - [2024-10-31T10:02:21.810+0000] {dag.py:4180} INFO - Setting next_dagrun for example_branch_dop_operator_v3 to 2024-10-31 10:01:00+00:00, run_after=2024-10-31 10:02:00+00:00
[2024-10-31T10:02:22.206+0000] {processor.py:208} INFO - Processing /home/airflow/.local/lib/python3.12/site-packages/airflow/example_dags/example_branch_python_dop_operator_3.py took 1.928 seconds
[2024-10-31T10:04:44.532+0000] {processor.py:186} INFO - Started process (PID=482) to work on /home/airflow/.local/lib/python3.12/site-packages/airflow/example_dags/example_branch_python_dop_operator_3.py
[2024-10-31T10:04:44.587+0000] {processor.py:914} INFO - Processing file /home/airflow/.local/lib/python3.12/site-packages/airflow/example_dags/example_branch_python_dop_operator_3.py for tasks to queue
[2024-10-31T10:04:44.639+0000] {logging_mixin.py:190} INFO - [2024-10-31T10:04:44.631+0000] {dagbag.py:588} INFO - Filling up the DagBag from /home/airflow/.local/lib/python3.12/site-packages/airflow/example_dags/example_branch_python_dop_operator_3.py
[2024-10-31T10:04:45.050+0000] {processor.py:925} INFO - DAG(s) 'example_branch_dop_operator_v3' retrieved from /home/airflow/.local/lib/python3.12/site-packages/airflow/example_dags/example_branch_python_dop_operator_3.py
[2024-10-31T10:04:45.969+0000] {logging_mixin.py:190} INFO - [2024-10-31T10:04:45.966+0000] {dag.py:3239} INFO - Sync 1 DAGs
[2024-10-31T10:04:47.081+0000] {logging_mixin.py:190} INFO - [2024-10-31T10:04:47.077+0000] {dag.py:4180} INFO - Setting next_dagrun for example_branch_dop_operator_v3 to 2024-10-31 10:03:00+00:00, run_after=2024-10-31 10:04:00+00:00
[2024-10-31T10:04:47.661+0000] {processor.py:208} INFO - Processing /home/airflow/.local/lib/python3.12/site-packages/airflow/example_dags/example_branch_python_dop_operator_3.py took 3.274 seconds
[2024-10-31T10:12:58.304+0000] {processor.py:186} INFO - Started process (PID=104) to work on /home/airflow/.local/lib/python3.12/site-packages/airflow/example_dags/example_branch_python_dop_operator_3.py
[2024-10-31T10:12:58.306+0000] {processor.py:914} INFO - Processing file /home/airflow/.local/lib/python3.12/site-packages/airflow/example_dags/example_branch_python_dop_operator_3.py for tasks to queue
[2024-10-31T10:12:58.308+0000] {logging_mixin.py:190} INFO - [2024-10-31T10:12:58.308+0000] {dagbag.py:588} INFO - Filling up the DagBag from /home/airflow/.local/lib/python3.12/site-packages/airflow/example_dags/example_branch_python_dop_operator_3.py
[2024-10-31T10:12:58.322+0000] {processor.py:925} INFO - DAG(s) 'example_branch_dop_operator_v3' retrieved from /home/airflow/.local/lib/python3.12/site-packages/airflow/example_dags/example_branch_python_dop_operator_3.py
[2024-10-31T10:12:58.352+0000] {logging_mixin.py:190} INFO - [2024-10-31T10:12:58.351+0000] {dag.py:3239} INFO - Sync 1 DAGs
[2024-10-31T10:12:58.388+0000] {logging_mixin.py:190} INFO - [2024-10-31T10:12:58.388+0000] {dag.py:4180} INFO - Setting next_dagrun for example_branch_dop_operator_v3 to 2024-10-31 10:11:00+00:00, run_after=2024-10-31 10:12:00+00:00
[2024-10-31T10:12:58.415+0000] {processor.py:208} INFO - Processing /home/airflow/.local/lib/python3.12/site-packages/airflow/example_dags/example_branch_python_dop_operator_3.py took 0.116 seconds
[2024-10-31T10:20:09.210+0000] {processor.py:186} INFO - Started process (PID=168) to work on /home/airflow/.local/lib/python3.12/site-packages/airflow/example_dags/example_branch_python_dop_operator_3.py
[2024-10-31T10:20:09.225+0000] {processor.py:914} INFO - Processing file /home/airflow/.local/lib/python3.12/site-packages/airflow/example_dags/example_branch_python_dop_operator_3.py for tasks to queue
[2024-10-31T10:20:09.266+0000] {logging_mixin.py:190} INFO - [2024-10-31T10:20:09.255+0000] {dagbag.py:588} INFO - Filling up the DagBag from /home/airflow/.local/lib/python3.12/site-packages/airflow/example_dags/example_branch_python_dop_operator_3.py
[2024-10-31T10:20:09.427+0000] {processor.py:925} INFO - DAG(s) 'example_branch_dop_operator_v3' retrieved from /home/airflow/.local/lib/python3.12/site-packages/airflow/example_dags/example_branch_python_dop_operator_3.py
[2024-10-31T10:20:09.764+0000] {logging_mixin.py:190} INFO - [2024-10-31T10:20:09.760+0000] {dag.py:3239} INFO - Sync 1 DAGs
[2024-10-31T10:20:10.401+0000] {logging_mixin.py:190} INFO - [2024-10-31T10:20:10.398+0000] {dag.py:4180} INFO - Setting next_dagrun for example_branch_dop_operator_v3 to 2024-10-31 10:19:00+00:00, run_after=2024-10-31 10:20:00+00:00
[2024-10-31T10:20:10.719+0000] {processor.py:208} INFO - Processing /home/airflow/.local/lib/python3.12/site-packages/airflow/example_dags/example_branch_python_dop_operator_3.py took 1.640 seconds
[2024-10-31T12:39:01.411+0000] {processor.py:186} INFO - Started process (PID=182) to work on /home/airflow/.local/lib/python3.12/site-packages/airflow/example_dags/example_branch_python_dop_operator_3.py
[2024-10-31T12:39:01.418+0000] {processor.py:914} INFO - Processing file /home/airflow/.local/lib/python3.12/site-packages/airflow/example_dags/example_branch_python_dop_operator_3.py for tasks to queue
[2024-10-31T12:39:01.424+0000] {logging_mixin.py:190} INFO - [2024-10-31T12:39:01.424+0000] {dagbag.py:588} INFO - Filling up the DagBag from /home/airflow/.local/lib/python3.12/site-packages/airflow/example_dags/example_branch_python_dop_operator_3.py
[2024-10-31T12:39:01.446+0000] {processor.py:925} INFO - DAG(s) 'example_branch_dop_operator_v3' retrieved from /home/airflow/.local/lib/python3.12/site-packages/airflow/example_dags/example_branch_python_dop_operator_3.py
[2024-10-31T12:39:01.487+0000] {logging_mixin.py:190} INFO - [2024-10-31T12:39:01.487+0000] {dag.py:3239} INFO - Sync 1 DAGs
[2024-10-31T12:39:01.539+0000] {logging_mixin.py:190} INFO - [2024-10-31T12:39:01.538+0000] {dag.py:4180} INFO - Setting next_dagrun for example_branch_dop_operator_v3 to 2024-10-31 12:38:00+00:00, run_after=2024-10-31 12:39:00+00:00
[2024-10-31T12:39:01.577+0000] {processor.py:208} INFO - Processing /home/airflow/.local/lib/python3.12/site-packages/airflow/example_dags/example_branch_python_dop_operator_3.py took 0.172 seconds
[2024-10-31T12:39:32.735+0000] {processor.py:186} INFO - Started process (PID=244) to work on /home/airflow/.local/lib/python3.12/site-packages/airflow/example_dags/example_branch_python_dop_operator_3.py
[2024-10-31T12:39:32.741+0000] {processor.py:914} INFO - Processing file /home/airflow/.local/lib/python3.12/site-packages/airflow/example_dags/example_branch_python_dop_operator_3.py for tasks to queue
[2024-10-31T12:39:32.747+0000] {logging_mixin.py:190} INFO - [2024-10-31T12:39:32.746+0000] {dagbag.py:588} INFO - Filling up the DagBag from /home/airflow/.local/lib/python3.12/site-packages/airflow/example_dags/example_branch_python_dop_operator_3.py
[2024-10-31T12:39:32.774+0000] {processor.py:925} INFO - DAG(s) 'example_branch_dop_operator_v3' retrieved from /home/airflow/.local/lib/python3.12/site-packages/airflow/example_dags/example_branch_python_dop_operator_3.py
[2024-10-31T12:39:32.813+0000] {logging_mixin.py:190} INFO - [2024-10-31T12:39:32.813+0000] {dag.py:3239} INFO - Sync 1 DAGs
[2024-10-31T12:39:32.868+0000] {logging_mixin.py:190} INFO - [2024-10-31T12:39:32.867+0000] {dag.py:4180} INFO - Setting next_dagrun for example_branch_dop_operator_v3 to 2024-10-31 12:38:00+00:00, run_after=2024-10-31 12:39:00+00:00
[2024-10-31T12:39:32.909+0000] {processor.py:208} INFO - Processing /home/airflow/.local/lib/python3.12/site-packages/airflow/example_dags/example_branch_python_dop_operator_3.py took 0.184 seconds
[2024-10-31T12:40:03.884+0000] {processor.py:186} INFO - Started process (PID=306) to work on /home/airflow/.local/lib/python3.12/site-packages/airflow/example_dags/example_branch_python_dop_operator_3.py
[2024-10-31T12:40:03.886+0000] {processor.py:914} INFO - Processing file /home/airflow/.local/lib/python3.12/site-packages/airflow/example_dags/example_branch_python_dop_operator_3.py for tasks to queue
[2024-10-31T12:40:03.890+0000] {logging_mixin.py:190} INFO - [2024-10-31T12:40:03.889+0000] {dagbag.py:588} INFO - Filling up the DagBag from /home/airflow/.local/lib/python3.12/site-packages/airflow/example_dags/example_branch_python_dop_operator_3.py
[2024-10-31T12:40:03.908+0000] {processor.py:925} INFO - DAG(s) 'example_branch_dop_operator_v3' retrieved from /home/airflow/.local/lib/python3.12/site-packages/airflow/example_dags/example_branch_python_dop_operator_3.py
[2024-10-31T12:40:03.946+0000] {logging_mixin.py:190} INFO - [2024-10-31T12:40:03.945+0000] {dag.py:3239} INFO - Sync 1 DAGs
[2024-10-31T12:40:03.989+0000] {logging_mixin.py:190} INFO - [2024-10-31T12:40:03.989+0000] {dag.py:4180} INFO - Setting next_dagrun for example_branch_dop_operator_v3 to 2024-10-31 12:39:00+00:00, run_after=2024-10-31 12:40:00+00:00
[2024-10-31T12:40:04.026+0000] {processor.py:208} INFO - Processing /home/airflow/.local/lib/python3.12/site-packages/airflow/example_dags/example_branch_python_dop_operator_3.py took 0.148 seconds
[2024-10-31T12:40:34.991+0000] {processor.py:186} INFO - Started process (PID=368) to work on /home/airflow/.local/lib/python3.12/site-packages/airflow/example_dags/example_branch_python_dop_operator_3.py
[2024-10-31T12:40:34.994+0000] {processor.py:914} INFO - Processing file /home/airflow/.local/lib/python3.12/site-packages/airflow/example_dags/example_branch_python_dop_operator_3.py for tasks to queue
[2024-10-31T12:40:34.999+0000] {logging_mixin.py:190} INFO - [2024-10-31T12:40:34.998+0000] {dagbag.py:588} INFO - Filling up the DagBag from /home/airflow/.local/lib/python3.12/site-packages/airflow/example_dags/example_branch_python_dop_operator_3.py
[2024-10-31T12:40:35.014+0000] {processor.py:925} INFO - DAG(s) 'example_branch_dop_operator_v3' retrieved from /home/airflow/.local/lib/python3.12/site-packages/airflow/example_dags/example_branch_python_dop_operator_3.py
[2024-10-31T12:40:35.039+0000] {logging_mixin.py:190} INFO - [2024-10-31T12:40:35.039+0000] {dag.py:3239} INFO - Sync 1 DAGs
[2024-10-31T12:40:35.074+0000] {logging_mixin.py:190} INFO - [2024-10-31T12:40:35.074+0000] {dag.py:4180} INFO - Setting next_dagrun for example_branch_dop_operator_v3 to 2024-10-31 12:39:00+00:00, run_after=2024-10-31 12:40:00+00:00
[2024-10-31T12:40:35.098+0000] {processor.py:208} INFO - Processing /home/airflow/.local/lib/python3.12/site-packages/airflow/example_dags/example_branch_python_dop_operator_3.py took 0.113 seconds
[2024-10-31T12:43:59.507+0000] {processor.py:186} INFO - Started process (PID=430) to work on /home/airflow/.local/lib/python3.12/site-packages/airflow/example_dags/example_branch_python_dop_operator_3.py
[2024-10-31T12:43:59.511+0000] {processor.py:914} INFO - Processing file /home/airflow/.local/lib/python3.12/site-packages/airflow/example_dags/example_branch_python_dop_operator_3.py for tasks to queue
[2024-10-31T12:43:59.516+0000] {logging_mixin.py:190} INFO - [2024-10-31T12:43:59.515+0000] {dagbag.py:588} INFO - Filling up the DagBag from /home/airflow/.local/lib/python3.12/site-packages/airflow/example_dags/example_branch_python_dop_operator_3.py
[2024-10-31T12:43:59.535+0000] {processor.py:925} INFO - DAG(s) 'example_branch_dop_operator_v3' retrieved from /home/airflow/.local/lib/python3.12/site-packages/airflow/example_dags/example_branch_python_dop_operator_3.py
[2024-10-31T12:43:59.576+0000] {logging_mixin.py:190} INFO - [2024-10-31T12:43:59.575+0000] {dag.py:3239} INFO - Sync 1 DAGs
[2024-10-31T12:43:59.619+0000] {logging_mixin.py:190} INFO - [2024-10-31T12:43:59.619+0000] {dag.py:4180} INFO - Setting next_dagrun for example_branch_dop_operator_v3 to 2024-10-31 12:42:00+00:00, run_after=2024-10-31 12:43:00+00:00
[2024-10-31T12:43:59.654+0000] {processor.py:208} INFO - Processing /home/airflow/.local/lib/python3.12/site-packages/airflow/example_dags/example_branch_python_dop_operator_3.py took 0.156 seconds
[2024-10-31T12:57:27.836+0000] {processor.py:186} INFO - Started process (PID=98) to work on /home/airflow/.local/lib/python3.12/site-packages/airflow/example_dags/example_branch_python_dop_operator_3.py
[2024-10-31T12:57:27.838+0000] {processor.py:914} INFO - Processing file /home/airflow/.local/lib/python3.12/site-packages/airflow/example_dags/example_branch_python_dop_operator_3.py for tasks to queue
[2024-10-31T12:57:27.841+0000] {logging_mixin.py:190} INFO - [2024-10-31T12:57:27.840+0000] {dagbag.py:588} INFO - Filling up the DagBag from /home/airflow/.local/lib/python3.12/site-packages/airflow/example_dags/example_branch_python_dop_operator_3.py
[2024-10-31T12:57:27.853+0000] {processor.py:925} INFO - DAG(s) 'example_branch_dop_operator_v3' retrieved from /home/airflow/.local/lib/python3.12/site-packages/airflow/example_dags/example_branch_python_dop_operator_3.py
[2024-10-31T12:57:27.878+0000] {logging_mixin.py:190} INFO - [2024-10-31T12:57:27.877+0000] {dag.py:3239} INFO - Sync 1 DAGs
[2024-10-31T12:57:27.910+0000] {logging_mixin.py:190} INFO - [2024-10-31T12:57:27.909+0000] {dag.py:4180} INFO - Setting next_dagrun for example_branch_dop_operator_v3 to 2024-10-31 12:56:00+00:00, run_after=2024-10-31 12:57:00+00:00
[2024-10-31T12:57:27.932+0000] {processor.py:208} INFO - Processing /home/airflow/.local/lib/python3.12/site-packages/airflow/example_dags/example_branch_python_dop_operator_3.py took 0.101 seconds
[2024-10-31T12:58:14.325+0000] {processor.py:186} INFO - Started process (PID=160) to work on /home/airflow/.local/lib/python3.12/site-packages/airflow/example_dags/example_branch_python_dop_operator_3.py
[2024-10-31T12:58:14.327+0000] {processor.py:914} INFO - Processing file /home/airflow/.local/lib/python3.12/site-packages/airflow/example_dags/example_branch_python_dop_operator_3.py for tasks to queue
[2024-10-31T12:58:14.331+0000] {logging_mixin.py:190} INFO - [2024-10-31T12:58:14.330+0000] {dagbag.py:588} INFO - Filling up the DagBag from /home/airflow/.local/lib/python3.12/site-packages/airflow/example_dags/example_branch_python_dop_operator_3.py
[2024-10-31T12:58:14.344+0000] {processor.py:925} INFO - DAG(s) 'example_branch_dop_operator_v3' retrieved from /home/airflow/.local/lib/python3.12/site-packages/airflow/example_dags/example_branch_python_dop_operator_3.py
[2024-10-31T12:58:14.366+0000] {logging_mixin.py:190} INFO - [2024-10-31T12:58:14.365+0000] {dag.py:3239} INFO - Sync 1 DAGs
[2024-10-31T12:58:14.402+0000] {logging_mixin.py:190} INFO - [2024-10-31T12:58:14.402+0000] {dag.py:4180} INFO - Setting next_dagrun for example_branch_dop_operator_v3 to 2024-10-31 12:57:00+00:00, run_after=2024-10-31 12:58:00+00:00
[2024-10-31T12:58:14.424+0000] {processor.py:208} INFO - Processing /home/airflow/.local/lib/python3.12/site-packages/airflow/example_dags/example_branch_python_dop_operator_3.py took 0.103 seconds
[2024-10-31T12:58:44.585+0000] {processor.py:186} INFO - Started process (PID=222) to work on /home/airflow/.local/lib/python3.12/site-packages/airflow/example_dags/example_branch_python_dop_operator_3.py
[2024-10-31T12:58:44.587+0000] {processor.py:914} INFO - Processing file /home/airflow/.local/lib/python3.12/site-packages/airflow/example_dags/example_branch_python_dop_operator_3.py for tasks to queue
[2024-10-31T12:58:44.590+0000] {logging_mixin.py:190} INFO - [2024-10-31T12:58:44.590+0000] {dagbag.py:588} INFO - Filling up the DagBag from /home/airflow/.local/lib/python3.12/site-packages/airflow/example_dags/example_branch_python_dop_operator_3.py
[2024-10-31T12:58:44.602+0000] {processor.py:925} INFO - DAG(s) 'example_branch_dop_operator_v3' retrieved from /home/airflow/.local/lib/python3.12/site-packages/airflow/example_dags/example_branch_python_dop_operator_3.py
[2024-10-31T12:58:44.627+0000] {logging_mixin.py:190} INFO - [2024-10-31T12:58:44.626+0000] {dag.py:3239} INFO - Sync 1 DAGs
[2024-10-31T12:58:44.657+0000] {logging_mixin.py:190} INFO - [2024-10-31T12:58:44.657+0000] {dag.py:4180} INFO - Setting next_dagrun for example_branch_dop_operator_v3 to 2024-10-31 12:57:00+00:00, run_after=2024-10-31 12:58:00+00:00
[2024-10-31T12:58:44.680+0000] {processor.py:208} INFO - Processing /home/airflow/.local/lib/python3.12/site-packages/airflow/example_dags/example_branch_python_dop_operator_3.py took 0.102 seconds
[2024-10-31T12:59:21.563+0000] {processor.py:186} INFO - Started process (PID=290) to work on /home/airflow/.local/lib/python3.12/site-packages/airflow/example_dags/example_branch_python_dop_operator_3.py
[2024-10-31T12:59:21.565+0000] {processor.py:914} INFO - Processing file /home/airflow/.local/lib/python3.12/site-packages/airflow/example_dags/example_branch_python_dop_operator_3.py for tasks to queue
[2024-10-31T12:59:21.571+0000] {logging_mixin.py:190} INFO - [2024-10-31T12:59:21.571+0000] {dagbag.py:588} INFO - Filling up the DagBag from /home/airflow/.local/lib/python3.12/site-packages/airflow/example_dags/example_branch_python_dop_operator_3.py
[2024-10-31T12:59:21.585+0000] {processor.py:925} INFO - DAG(s) 'example_branch_dop_operator_v3' retrieved from /home/airflow/.local/lib/python3.12/site-packages/airflow/example_dags/example_branch_python_dop_operator_3.py
[2024-10-31T12:59:21.616+0000] {logging_mixin.py:190} INFO - [2024-10-31T12:59:21.616+0000] {dag.py:3239} INFO - Sync 1 DAGs
[2024-10-31T12:59:21.670+0000] {logging_mixin.py:190} INFO - [2024-10-31T12:59:21.670+0000] {dag.py:4180} INFO - Setting next_dagrun for example_branch_dop_operator_v3 to 2024-10-31 12:58:00+00:00, run_after=2024-10-31 12:59:00+00:00
[2024-10-31T12:59:21.705+0000] {processor.py:208} INFO - Processing /home/airflow/.local/lib/python3.12/site-packages/airflow/example_dags/example_branch_python_dop_operator_3.py took 0.149 seconds
[2024-10-31T13:01:40.088+0000] {processor.py:186} INFO - Started process (PID=354) to work on /home/airflow/.local/lib/python3.12/site-packages/airflow/example_dags/example_branch_python_dop_operator_3.py
[2024-10-31T13:01:40.090+0000] {processor.py:914} INFO - Processing file /home/airflow/.local/lib/python3.12/site-packages/airflow/example_dags/example_branch_python_dop_operator_3.py for tasks to queue
[2024-10-31T13:01:40.094+0000] {logging_mixin.py:190} INFO - [2024-10-31T13:01:40.094+0000] {dagbag.py:588} INFO - Filling up the DagBag from /home/airflow/.local/lib/python3.12/site-packages/airflow/example_dags/example_branch_python_dop_operator_3.py
[2024-10-31T13:01:40.109+0000] {processor.py:925} INFO - DAG(s) 'example_branch_dop_operator_v3' retrieved from /home/airflow/.local/lib/python3.12/site-packages/airflow/example_dags/example_branch_python_dop_operator_3.py
[2024-10-31T13:01:40.143+0000] {logging_mixin.py:190} INFO - [2024-10-31T13:01:40.143+0000] {dag.py:3239} INFO - Sync 1 DAGs
[2024-10-31T13:01:40.181+0000] {logging_mixin.py:190} INFO - [2024-10-31T13:01:40.180+0000] {dag.py:4180} INFO - Setting next_dagrun for example_branch_dop_operator_v3 to 2024-10-31 13:00:00+00:00, run_after=2024-10-31 13:01:00+00:00
[2024-10-31T13:01:40.210+0000] {processor.py:208} INFO - Processing /home/airflow/.local/lib/python3.12/site-packages/airflow/example_dags/example_branch_python_dop_operator_3.py took 0.130 seconds
[2024-10-31T13:02:22.373+0000] {processor.py:186} INFO - Started process (PID=415) to work on /home/airflow/.local/lib/python3.12/site-packages/airflow/example_dags/example_branch_python_dop_operator_3.py
[2024-10-31T13:02:22.616+0000] {processor.py:914} INFO - Processing file /home/airflow/.local/lib/python3.12/site-packages/airflow/example_dags/example_branch_python_dop_operator_3.py for tasks to queue
[2024-10-31T13:02:22.642+0000] {logging_mixin.py:190} INFO - [2024-10-31T13:02:22.630+0000] {dagbag.py:588} INFO - Filling up the DagBag from /home/airflow/.local/lib/python3.12/site-packages/airflow/example_dags/example_branch_python_dop_operator_3.py
[2024-10-31T13:02:23.356+0000] {processor.py:925} INFO - DAG(s) 'example_branch_dop_operator_v3' retrieved from /home/airflow/.local/lib/python3.12/site-packages/airflow/example_dags/example_branch_python_dop_operator_3.py
[2024-10-31T13:02:25.668+0000] {logging_mixin.py:190} INFO - [2024-10-31T13:02:25.637+0000] {dag.py:3239} INFO - Sync 1 DAGs
[2024-10-31T13:02:26.430+0000] {logging_mixin.py:190} INFO - [2024-10-31T13:02:26.425+0000] {dag.py:4180} INFO - Setting next_dagrun for example_branch_dop_operator_v3 to 2024-10-31 13:01:00+00:00, run_after=2024-10-31 13:02:00+00:00
[2024-10-31T13:02:27.715+0000] {processor.py:208} INFO - Processing /home/airflow/.local/lib/python3.12/site-packages/airflow/example_dags/example_branch_python_dop_operator_3.py took 5.400 seconds
[2024-10-31T13:02:57.904+0000] {processor.py:186} INFO - Started process (PID=477) to work on /home/airflow/.local/lib/python3.12/site-packages/airflow/example_dags/example_branch_python_dop_operator_3.py
[2024-10-31T13:02:57.906+0000] {processor.py:914} INFO - Processing file /home/airflow/.local/lib/python3.12/site-packages/airflow/example_dags/example_branch_python_dop_operator_3.py for tasks to queue
[2024-10-31T13:02:57.910+0000] {logging_mixin.py:190} INFO - [2024-10-31T13:02:57.909+0000] {dagbag.py:588} INFO - Filling up the DagBag from /home/airflow/.local/lib/python3.12/site-packages/airflow/example_dags/example_branch_python_dop_operator_3.py
[2024-10-31T13:02:57.926+0000] {processor.py:925} INFO - DAG(s) 'example_branch_dop_operator_v3' retrieved from /home/airflow/.local/lib/python3.12/site-packages/airflow/example_dags/example_branch_python_dop_operator_3.py
[2024-10-31T13:02:57.948+0000] {logging_mixin.py:190} INFO - [2024-10-31T13:02:57.948+0000] {dag.py:3239} INFO - Sync 1 DAGs
[2024-10-31T13:02:57.978+0000] {logging_mixin.py:190} INFO - [2024-10-31T13:02:57.978+0000] {dag.py:4180} INFO - Setting next_dagrun for example_branch_dop_operator_v3 to 2024-10-31 13:01:00+00:00, run_after=2024-10-31 13:02:00+00:00
[2024-10-31T13:02:58.000+0000] {processor.py:208} INFO - Processing /home/airflow/.local/lib/python3.12/site-packages/airflow/example_dags/example_branch_python_dop_operator_3.py took 0.104 seconds
[2024-10-31T13:05:58.234+0000] {processor.py:186} INFO - Started process (PID=549) to work on /home/airflow/.local/lib/python3.12/site-packages/airflow/example_dags/example_branch_python_dop_operator_3.py
[2024-10-31T13:05:58.647+0000] {processor.py:914} INFO - Processing file /home/airflow/.local/lib/python3.12/site-packages/airflow/example_dags/example_branch_python_dop_operator_3.py for tasks to queue
[2024-10-31T13:06:01.210+0000] {logging_mixin.py:190} INFO - [2024-10-31T13:06:00.754+0000] {dagbag.py:588} INFO - Filling up the DagBag from /home/airflow/.local/lib/python3.12/site-packages/airflow/example_dags/example_branch_python_dop_operator_3.py
[2024-10-31T13:09:10.965+0000] {logging_mixin.py:190} INFO - [2024-10-31T13:07:04.591+0000] {timeout.py:68} ERROR - Process timed out, PID: 549
[2024-10-31T13:10:13.371+0000] {logging_mixin.py:190} INFO - [2024-10-31T13:10:13.204+0000] {dagbag.py:387} ERROR - Failed to import: /home/airflow/.local/lib/python3.12/site-packages/airflow/example_dags/example_branch_python_dop_operator_3.py
Traceback (most recent call last):
  File "/home/airflow/.local/lib/python3.12/site-packages/cron_descriptor/GetText.py", line 48, in __init__
    self.trans = self.load_locale(locale_code, locale_location)
                 ^^^^^^^^^^^^^^^^^^^^^^^^^^^^^^^^^^^^^^^^^^^^^^
  File "/home/airflow/.local/lib/python3.12/site-packages/cron_descriptor/GetText.py", line 63, in load_locale
    with open(filename, "rb") as f:
         ^^^^^^^^^^^^^^^^^^^^
FileNotFoundError: [Errno 2] No such file or directory: '/home/airflow/.local/lib/python3.12/site-packages/cron_descriptor/locale/C.mo'

During handling of the above exception, another exception occurred:

Traceback (most recent call last):
  File "/usr/local/lib/python3.12/logging/__init__.py", line 1798, in isEnabledFor
    return self._cache[level]
           ~~~~~~~~~~~^^^^^^^
KeyError: 10

During handling of the above exception, another exception occurred:

Traceback (most recent call last):
  File "/home/airflow/.local/lib/python3.12/site-packages/airflow/models/dagbag.py", line 383, in parse
    loader.exec_module(new_module)
  File "<frozen importlib._bootstrap_external>", line 995, in exec_module
  File "<frozen importlib._bootstrap>", line 488, in _call_with_frames_removed
  File "/home/airflow/.local/lib/python3.12/site-packages/airflow/example_dags/example_branch_python_dop_operator_3.py", line 49, in <module>
    with DAG(
         ^^^^
  File "/home/airflow/.local/lib/python3.12/site-packages/airflow/models/dag.py", line 698, in __init__
    self.timetable = create_timetable(schedule, self.timezone)
                     ^^^^^^^^^^^^^^^^^^^^^^^^^^^^^^^^^^^^^^^^^
  File "/home/airflow/.local/lib/python3.12/site-packages/airflow/models/dag.py", line 246, in create_timetable
    return CronDataIntervalTimetable(interval, timezone)
           ^^^^^^^^^^^^^^^^^^^^^^^^^^^^^^^^^^^^^^^^^^^^^
  File "/home/airflow/.local/lib/python3.12/site-packages/airflow/timetables/_cron.py", line 74, in __init__
    descriptor = ExpressionDescriptor(
                 ^^^^^^^^^^^^^^^^^^^^^
  File "/home/airflow/.local/lib/python3.12/site-packages/cron_descriptor/ExpressionDescriptor.py", line 72, in __init__
    self.get_text = GetText(options.locale_code, options.locale_location)
                    ^^^^^^^^^^^^^^^^^^^^^^^^^^^^^^^^^^^^^^^^^^^^^^^^^^^^^
  File "/home/airflow/.local/lib/python3.12/site-packages/cron_descriptor/GetText.py", line 50, in __init__
    logger.debug('Failed to find locale {}'.format(locale_code))
  File "/usr/local/lib/python3.12/logging/__init__.py", line 1526, in debug
    if self.isEnabledFor(DEBUG):
       ^^^^^^^^^^^^^^^^^^^^^^^^
  File "/usr/local/lib/python3.12/logging/__init__.py", line 1800, in isEnabledFor
    _acquireLock()
  File "/usr/local/lib/python3.12/logging/__init__.py", line 234, in _acquireLock
    def _acquireLock():
    
  File "/home/airflow/.local/lib/python3.12/site-packages/airflow/utils/timeout.py", line 69, in handle_timeout
    raise AirflowTaskTimeout(self.error_message)
airflow.exceptions.AirflowTaskTimeout: DagBag import timeout for /home/airflow/.local/lib/python3.12/site-packages/airflow/example_dags/example_branch_python_dop_operator_3.py after 30.0s.
Please take a look at these docs to improve your DAG import time:
* https://airflow.apache.org/docs/apache-airflow/2.10.2/best-practices.html#top-level-python-code
* https://airflow.apache.org/docs/apache-airflow/2.10.2/best-practices.html#reducing-dag-complexity, PID: 549
[2024-10-31T13:10:13.806+0000] {processor.py:927} WARNING - No viable dags retrieved from /home/airflow/.local/lib/python3.12/site-packages/airflow/example_dags/example_branch_python_dop_operator_3.py
